2021-02-18 00:00:07.231  INFO 6621 --- [Thread-71] o.s.s.concurrent.ThreadPoolTaskExecutor  : Shutting down ExecutorService 'applicationTaskExecutor'
2021-02-18 00:00:07.234  INFO 6621 --- [Thread-71] j.LocalContainerEntityManagerFactoryBean : Closing JPA EntityManagerFactory for persistence unit 'default'
2021-02-18 00:00:07.234  INFO 6621 --- [Thread-71] com.zaxxer.hikari.HikariDataSource       : HikariPool-14 - Shutdown initiated...
2021-02-18 00:00:07.236  INFO 6621 --- [Thread-71] com.zaxxer.hikari.HikariDataSource       : HikariPool-14 - Shutdown completed.
2021-02-18 00:00:07.304  INFO 6621 --- [restartedMain] c.s.adminstore.AdminStoreApplication     : Starting AdminStoreApplication on gimseongjins-MacBook-Pro.local with PID 6621 (/Users/jaykim/IdeaProjects/admin-store/target/classes started by jaykim in /Users/jaykim/IdeaProjects/admin-store)
2021-02-18 00:00:07.305  INFO 6621 --- [restartedMain] c.s.adminstore.AdminStoreApplication     : No active profile set, falling back to default profiles: default
2021-02-18 00:00:07.451  INFO 6621 --- [restartedMain] .s.d.r.c.RepositoryConfigurationDelegate : Multiple Spring Data modules found, entering strict repository configuration mode!
2021-02-18 00:00:07.451  INFO 6621 --- [restartedMain] .s.d.r.c.RepositoryConfigurationDelegate : Bootstrapping Spring Data JDBC repositories in DEFAULT mode.
2021-02-18 00:00:07.460  INFO 6621 --- [restartedMain] .RepositoryConfigurationExtensionSupport : Spring Data JDBC - Could not safely identify store assignment for repository candidate interface com.study.adminstore.repository.CategoryRepository. If you want this repository to be a JDBC repository, consider annotating your entities with one of these annotations: org.springframework.data.relational.core.mapping.Table.
2021-02-18 00:00:07.461  INFO 6621 --- [restartedMain] .RepositoryConfigurationExtensionSupport : Spring Data JDBC - Could not safely identify store assignment for repository candidate interface com.study.adminstore.repository.FilesRepository. If you want this repository to be a JDBC repository, consider annotating your entities with one of these annotations: org.springframework.data.relational.core.mapping.Table.
2021-02-18 00:00:07.461  INFO 6621 --- [restartedMain] .RepositoryConfigurationExtensionSupport : Spring Data JDBC - Could not safely identify store assignment for repository candidate interface com.study.adminstore.repository.MemberRepository. If you want this repository to be a JDBC repository, consider annotating your entities with one of these annotations: org.springframework.data.relational.core.mapping.Table.
2021-02-18 00:00:07.462  INFO 6621 --- [restartedMain] .RepositoryConfigurationExtensionSupport : Spring Data JDBC - Could not safely identify store assignment for repository candidate interface com.study.adminstore.repository.StoreRepository. If you want this repository to be a JDBC repository, consider annotating your entities with one of these annotations: org.springframework.data.relational.core.mapping.Table.
2021-02-18 00:00:07.463  INFO 6621 --- [restartedMain] .RepositoryConfigurationExtensionSupport : Spring Data JDBC - Could not safely identify store assignment for repository candidate interface com.study.adminstore.repository.VisitorRepository. If you want this repository to be a JDBC repository, consider annotating your entities with one of these annotations: org.springframework.data.relational.core.mapping.Table.
2021-02-18 00:00:07.463  INFO 6621 --- [restartedMain] .s.d.r.c.RepositoryConfigurationDelegate : Finished Spring Data repository scanning in 11ms. Found 0 JDBC repository interfaces.
2021-02-18 00:00:07.466  INFO 6621 --- [restartedMain] .s.d.r.c.RepositoryConfigurationDelegate : Multiple Spring Data modules found, entering strict repository configuration mode!
2021-02-18 00:00:07.466  INFO 6621 --- [restartedMain] .s.d.r.c.RepositoryConfigurationDelegate : Bootstrapping Spring Data JPA repositories in DEFAULT mode.
2021-02-18 00:00:07.481  INFO 6621 --- [restartedMain] .s.d.r.c.RepositoryConfigurationDelegate : Finished Spring Data repository scanning in 14ms. Found 5 JPA repository interfaces.
2021-02-18 00:00:07.540  INFO 6621 --- [restartedMain] trationDelegate$BeanPostProcessorChecker : Bean 'org.springframework.transaction.annotation.ProxyTransactionManagementConfiguration' of type [org.springframework.transaction.annotation.ProxyTransactionManagementConfiguration] is not eligible for getting processed by all BeanPostProcessors (for example: not eligible for auto-proxying)
2021-02-18 00:00:07.584  INFO 6621 --- [restartedMain] o.s.b.w.embedded.tomcat.TomcatWebServer  : Tomcat initialized with port(s): 8080 (http)
2021-02-18 00:00:07.585  INFO 6621 --- [restartedMain] o.apache.catalina.core.StandardService   : Starting service [Tomcat]
2021-02-18 00:00:07.585  INFO 6621 --- [restartedMain] org.apache.catalina.core.StandardEngine  : Starting Servlet engine: [Apache Tomcat/9.0.30]
2021-02-18 00:00:07.597  INFO 6621 --- [restartedMain] o.a.c.c.C.[Tomcat].[localhost].[/]       : Initializing Spring embedded WebApplicationContext
2021-02-18 00:00:07.598  INFO 6621 --- [restartedMain] o.s.web.context.ContextLoader            : Root WebApplicationContext: initialization completed in 292 ms
2021-02-18 00:00:07.610  INFO 6621 --- [restartedMain] com.zaxxer.hikari.HikariDataSource       : HikariPool-15 - Starting...
2021-02-18 00:00:07.614  INFO 6621 --- [restartedMain] com.zaxxer.hikari.HikariDataSource       : HikariPool-15 - Start completed.
2021-02-18 00:00:07.614  INFO 6621 --- [restartedMain] o.s.b.a.h2.H2ConsoleAutoConfiguration    : H2 console available at '/h2-console'. Database available at 'jdbc:mysql://localhost:3306/study?useSSL=false&useUnicode=true&serverTimezone=Asia/Seoul&allowPublicKeyRetrieval=true'
2021-02-18 00:00:07.641  INFO 6621 --- [restartedMain] o.hibernate.jpa.internal.util.LogHelper  : HHH000204: Processing PersistenceUnitInfo [name: default]
2021-02-18 00:00:07.647  INFO 6621 --- [restartedMain] org.hibernate.dialect.Dialect            : HHH000400: Using dialect: org.hibernate.dialect.MySQL5Dialect
2021-02-18 00:00:07.784  INFO 6621 --- [restartedMain] o.h.e.t.j.p.i.JtaPlatformInitiator       : HHH000490: Using JtaPlatform implementation: [org.hibernate.engine.transaction.jta.platform.internal.NoJtaPlatform]
2021-02-18 00:00:07.784  INFO 6621 --- [restartedMain] j.LocalContainerEntityManagerFactoryBean : Initialized JPA EntityManagerFactory for persistence unit 'default'
2021-02-18 00:00:07.849  WARN 6621 --- [restartedMain] JpaBaseConfiguration$JpaWebConfiguration : spring.jpa.open-in-view is enabled by default. Therefore, database queries may be performed during view rendering. Explicitly configure spring.jpa.open-in-view to disable this warning
2021-02-18 00:00:07.930  INFO 6621 --- [restartedMain] o.s.s.web.DefaultSecurityFilterChain     : Creating filter chain: Ant [pattern='/css/**'], []
2021-02-18 00:00:07.930  INFO 6621 --- [restartedMain] o.s.s.web.DefaultSecurityFilterChain     : Creating filter chain: Ant [pattern='/js/**'], []
2021-02-18 00:00:07.930  INFO 6621 --- [restartedMain] o.s.s.web.DefaultSecurityFilterChain     : Creating filter chain: Ant [pattern='/img/**'], []
2021-02-18 00:00:07.935  INFO 6621 --- [restartedMain] o.s.s.web.DefaultSecurityFilterChain     : Creating filter chain: any request, [org.springframework.security.web.context.request.async.WebAsyncManagerIntegrationFilter@205e3dfc, org.springframework.security.web.context.SecurityContextPersistenceFilter@3940d3ad, org.springframework.security.web.header.HeaderWriterFilter@8647f837, org.springframework.security.web.csrf.CsrfFilter@2df2c869, org.springframework.security.web.authentication.logout.LogoutFilter@1e79d6cc, org.springframework.security.web.authentication.UsernamePasswordAuthenticationFilter@93b7a453, org.springframework.security.web.session.ConcurrentSessionFilter@6fe6cfa3, org.springframework.security.web.savedrequest.RequestCacheAwareFilter@fce18af5, org.springframework.security.web.servletapi.SecurityContextHolderAwareRequestFilter@da2af5e3, org.springframework.security.web.authentication.rememberme.RememberMeAuthenticationFilter@c71b3bd6, org.springframework.security.web.authentication.AnonymousAuthenticationFilter@a1f0154f, org.springframework.security.web.session.SessionManagementFilter@8690cc75, org.springframework.security.web.access.ExceptionTranslationFilter@9a0c9a65, org.springframework.security.web.access.intercept.FilterSecurityInterceptor@f2042b61]
2021-02-18 00:00:07.976  INFO 6621 --- [restartedMain] o.s.s.concurrent.ThreadPoolTaskExecutor  : Initializing ExecutorService 'applicationTaskExecutor'
2021-02-18 00:00:07.994  INFO 6621 --- [restartedMain] o.s.b.a.w.s.WelcomePageHandlerMapping    : Adding welcome page template: index
2021-02-18 00:00:08.044  INFO 6621 --- [restartedMain] o.s.b.d.a.OptionalLiveReloadServer       : LiveReload server is running on port 35729
2021-02-18 00:00:08.053  INFO 6621 --- [restartedMain] o.s.b.w.embedded.tomcat.TomcatWebServer  : Tomcat started on port(s): 8080 (http) with context path ''
2021-02-18 00:00:08.072  INFO 6621 --- [restartedMain] c.s.adminstore.AdminStoreApplication     : Started AdminStoreApplication in 0.798 seconds (JVM running for 815.714)
2021-02-18 00:00:08.073  INFO 6621 --- [restartedMain] .ConditionEvaluationDeltaLoggingListener : Condition evaluation unchanged
2021-02-18 00:00:09.869  INFO 6621 --- [http-nio-8080-exec-1] o.a.c.c.C.[Tomcat].[localhost].[/]       : Initializing Spring DispatcherServlet 'dispatcherServlet'
2021-02-18 00:00:09.869  INFO 6621 --- [http-nio-8080-exec-1] o.s.web.servlet.DispatcherServlet        : Initializing Servlet 'dispatcherServlet'
2021-02-18 00:00:09.871  INFO 6621 --- [http-nio-8080-exec-1] o.s.web.servlet.DispatcherServlet        : Completed initialization in 2 ms
2021-02-18 00:00:20.423  INFO 6621 --- [SpringContextShutdownHook] o.s.s.concurrent.ThreadPoolTaskExecutor  : Shutting down ExecutorService 'applicationTaskExecutor'
2021-02-18 00:00:20.423  INFO 6621 --- [SpringContextShutdownHook] j.LocalContainerEntityManagerFactoryBean : Closing JPA EntityManagerFactory for persistence unit 'default'
2021-02-18 00:00:20.424  INFO 6621 --- [SpringContextShutdownHook] com.zaxxer.hikari.HikariDataSource       : HikariPool-15 - Shutdown initiated...
2021-02-18 00:00:20.425  INFO 6621 --- [SpringContextShutdownHook] com.zaxxer.hikari.HikariDataSource       : HikariPool-15 - Shutdown completed.
2021-02-18 00:00:24.542  INFO 8226 --- [restartedMain] c.s.adminstore.AdminStoreApplication     : Starting AdminStoreApplication on gimseongjins-MacBook-Pro.local with PID 8226 (/Users/jaykim/IdeaProjects/admin-store/target/classes started by jaykim in /Users/jaykim/IdeaProjects/admin-store)
2021-02-18 00:00:24.547  INFO 8226 --- [restartedMain] c.s.adminstore.AdminStoreApplication     : No active profile set, falling back to default profiles: default
2021-02-18 00:00:24.618  INFO 8226 --- [restartedMain] o.s.b.devtools.restart.ChangeableUrls    : The Class-Path manifest attribute in /Users/jaykim/.m2/repository/org/glassfish/jaxb/jaxb-runtime/2.3.2/jaxb-runtime-2.3.2.jar referenced one or more files that do not exist: file:/Users/jaykim/.m2/repository/org/glassfish/jaxb/jaxb-runtime/2.3.2/jakarta.xml.bind-api-2.3.2.jar,file:/Users/jaykim/.m2/repository/org/glassfish/jaxb/jaxb-runtime/2.3.2/txw2-2.3.2.jar,file:/Users/jaykim/.m2/repository/org/glassfish/jaxb/jaxb-runtime/2.3.2/istack-commons-runtime-3.0.8.jar,file:/Users/jaykim/.m2/repository/org/glassfish/jaxb/jaxb-runtime/2.3.2/stax-ex-1.8.1.jar,file:/Users/jaykim/.m2/repository/org/glassfish/jaxb/jaxb-runtime/2.3.2/FastInfoset-1.2.16.jar,file:/Users/jaykim/.m2/repository/org/glassfish/jaxb/jaxb-runtime/2.3.2/jakarta.activation-api-1.2.1.jar
2021-02-18 00:00:24.619  INFO 8226 --- [restartedMain] .e.DevToolsPropertyDefaultsPostProcessor : Devtools property defaults active! Set 'spring.devtools.add-properties' to 'false' to disable
2021-02-18 00:00:24.619  INFO 8226 --- [restartedMain] .e.DevToolsPropertyDefaultsPostProcessor : For additional web related logging consider setting the 'logging.level.web' property to 'DEBUG'
2021-02-18 00:00:25.537  INFO 8226 --- [restartedMain] .s.d.r.c.RepositoryConfigurationDelegate : Multiple Spring Data modules found, entering strict repository configuration mode!
2021-02-18 00:00:25.539  INFO 8226 --- [restartedMain] .s.d.r.c.RepositoryConfigurationDelegate : Bootstrapping Spring Data JDBC repositories in DEFAULT mode.
2021-02-18 00:00:25.614  INFO 8226 --- [restartedMain] .RepositoryConfigurationExtensionSupport : Spring Data JDBC - Could not safely identify store assignment for repository candidate interface com.study.adminstore.repository.CategoryRepository. If you want this repository to be a JDBC repository, consider annotating your entities with one of these annotations: org.springframework.data.relational.core.mapping.Table.
2021-02-18 00:00:25.615  INFO 8226 --- [restartedMain] .RepositoryConfigurationExtensionSupport : Spring Data JDBC - Could not safely identify store assignment for repository candidate interface com.study.adminstore.repository.FilesRepository. If you want this repository to be a JDBC repository, consider annotating your entities with one of these annotations: org.springframework.data.relational.core.mapping.Table.
2021-02-18 00:00:25.616  INFO 8226 --- [restartedMain] .RepositoryConfigurationExtensionSupport : Spring Data JDBC - Could not safely identify store assignment for repository candidate interface com.study.adminstore.repository.MemberRepository. If you want this repository to be a JDBC repository, consider annotating your entities with one of these annotations: org.springframework.data.relational.core.mapping.Table.
2021-02-18 00:00:25.618  INFO 8226 --- [restartedMain] .RepositoryConfigurationExtensionSupport : Spring Data JDBC - Could not safely identify store assignment for repository candidate interface com.study.adminstore.repository.StoreRepository. If you want this repository to be a JDBC repository, consider annotating your entities with one of these annotations: org.springframework.data.relational.core.mapping.Table.
2021-02-18 00:00:25.619  INFO 8226 --- [restartedMain] .RepositoryConfigurationExtensionSupport : Spring Data JDBC - Could not safely identify store assignment for repository candidate interface com.study.adminstore.repository.VisitorRepository. If you want this repository to be a JDBC repository, consider annotating your entities with one of these annotations: org.springframework.data.relational.core.mapping.Table.
2021-02-18 00:00:25.619  INFO 8226 --- [restartedMain] .s.d.r.c.RepositoryConfigurationDelegate : Finished Spring Data repository scanning in 70ms. Found 0 JDBC repository interfaces.
2021-02-18 00:00:25.631  INFO 8226 --- [restartedMain] .s.d.r.c.RepositoryConfigurationDelegate : Multiple Spring Data modules found, entering strict repository configuration mode!
2021-02-18 00:00:25.632  INFO 8226 --- [restartedMain] .s.d.r.c.RepositoryConfigurationDelegate : Bootstrapping Spring Data JPA repositories in DEFAULT mode.
2021-02-18 00:00:25.684  INFO 8226 --- [restartedMain] .s.d.r.c.RepositoryConfigurationDelegate : Finished Spring Data repository scanning in 49ms. Found 5 JPA repository interfaces.
2021-02-18 00:00:26.200  INFO 8226 --- [restartedMain] trationDelegate$BeanPostProcessorChecker : Bean 'org.springframework.transaction.annotation.ProxyTransactionManagementConfiguration' of type [org.springframework.transaction.annotation.ProxyTransactionManagementConfiguration] is not eligible for getting processed by all BeanPostProcessors (for example: not eligible for auto-proxying)
2021-02-18 00:00:26.607  INFO 8226 --- [restartedMain] o.s.b.w.embedded.tomcat.TomcatWebServer  : Tomcat initialized with port(s): 8080 (http)
2021-02-18 00:00:26.614  INFO 8226 --- [restartedMain] o.apache.catalina.core.StandardService   : Starting service [Tomcat]
2021-02-18 00:00:26.615  INFO 8226 --- [restartedMain] org.apache.catalina.core.StandardEngine  : Starting Servlet engine: [Apache Tomcat/9.0.30]
2021-02-18 00:00:26.709  INFO 8226 --- [restartedMain] o.a.c.c.C.[Tomcat].[localhost].[/]       : Initializing Spring embedded WebApplicationContext
2021-02-18 00:00:26.709  INFO 8226 --- [restartedMain] o.s.web.context.ContextLoader            : Root WebApplicationContext: initialization completed in 2090 ms
2021-02-18 00:00:26.755  INFO 8226 --- [restartedMain] com.zaxxer.hikari.HikariDataSource       : HikariPool-1 - Starting...
2021-02-18 00:00:26.925  INFO 8226 --- [restartedMain] com.zaxxer.hikari.HikariDataSource       : HikariPool-1 - Start completed.
2021-02-18 00:00:26.933  INFO 8226 --- [restartedMain] o.s.b.a.h2.H2ConsoleAutoConfiguration    : H2 console available at '/h2-console'. Database available at 'jdbc:mysql://localhost:3306/study?useSSL=false&useUnicode=true&serverTimezone=Asia/Seoul&allowPublicKeyRetrieval=true'
2021-02-18 00:00:27.152  INFO 8226 --- [restartedMain] o.hibernate.jpa.internal.util.LogHelper  : HHH000204: Processing PersistenceUnitInfo [name: default]
2021-02-18 00:00:27.258  INFO 8226 --- [restartedMain] org.hibernate.Version                    : HHH000412: Hibernate Core {5.4.10.Final}
2021-02-18 00:00:27.414  INFO 8226 --- [restartedMain] o.hibernate.annotations.common.Version   : HCANN000001: Hibernate Commons Annotations {5.1.0.Final}
2021-02-18 00:00:27.520  INFO 8226 --- [restartedMain] org.hibernate.dialect.Dialect            : HHH000400: Using dialect: org.hibernate.dialect.MySQL5Dialect
2021-02-18 00:00:28.325  INFO 8226 --- [restartedMain] o.h.e.t.j.p.i.JtaPlatformInitiator       : HHH000490: Using JtaPlatform implementation: [org.hibernate.engine.transaction.jta.platform.internal.NoJtaPlatform]
2021-02-18 00:00:28.337  INFO 8226 --- [restartedMain] j.LocalContainerEntityManagerFactoryBean : Initialized JPA EntityManagerFactory for persistence unit 'default'
2021-02-18 00:00:28.736  WARN 8226 --- [restartedMain] JpaBaseConfiguration$JpaWebConfiguration : spring.jpa.open-in-view is enabled by default. Therefore, database queries may be performed during view rendering. Explicitly configure spring.jpa.open-in-view to disable this warning
2021-02-18 00:00:28.974  INFO 8226 --- [restartedMain] o.s.s.web.DefaultSecurityFilterChain     : Creating filter chain: Ant [pattern='/css/**'], []
2021-02-18 00:00:28.975  INFO 8226 --- [restartedMain] o.s.s.web.DefaultSecurityFilterChain     : Creating filter chain: Ant [pattern='/js/**'], []
2021-02-18 00:00:28.975  INFO 8226 --- [restartedMain] o.s.s.web.DefaultSecurityFilterChain     : Creating filter chain: Ant [pattern='/img/**'], []
2021-02-18 00:00:29.023  INFO 8226 --- [restartedMain] o.s.s.web.DefaultSecurityFilterChain     : Creating filter chain: any request, [org.springframework.security.web.context.request.async.WebAsyncManagerIntegrationFilter@6b889c23, org.springframework.security.web.context.SecurityContextPersistenceFilter@5bd84b87, org.springframework.security.web.header.HeaderWriterFilter@787ac346, org.springframework.security.web.csrf.CsrfFilter@6272a60f, org.springframework.security.web.authentication.logout.LogoutFilter@45ea5758, org.springframework.security.web.authentication.UsernamePasswordAuthenticationFilter@96304a50, org.springframework.security.web.session.ConcurrentSessionFilter@c3bdecd3, org.springframework.security.web.savedrequest.RequestCacheAwareFilter@73e6cec5, org.springframework.security.web.servletapi.SecurityContextHolderAwareRequestFilter@c65b57f4, org.springframework.security.web.authentication.rememberme.RememberMeAuthenticationFilter@2db85af, org.springframework.security.web.authentication.AnonymousAuthenticationFilter@4388d650, org.springframework.security.web.session.SessionManagementFilter@2bf52605, org.springframework.security.web.access.ExceptionTranslationFilter@bb7d1f14, org.springframework.security.web.access.intercept.FilterSecurityInterceptor@1cb7c5c3]
2021-02-18 00:00:29.202  INFO 8226 --- [restartedMain] o.s.s.concurrent.ThreadPoolTaskExecutor  : Initializing ExecutorService 'applicationTaskExecutor'
2021-02-18 00:00:29.306  INFO 8226 --- [restartedMain] o.s.b.a.w.s.WelcomePageHandlerMapping    : Adding welcome page template: index
2021-02-18 00:00:29.531  INFO 8226 --- [restartedMain] o.s.b.d.a.OptionalLiveReloadServer       : LiveReload server is running on port 35729
2021-02-18 00:00:29.574  INFO 8226 --- [restartedMain] o.s.b.w.embedded.tomcat.TomcatWebServer  : Tomcat started on port(s): 8080 (http) with context path ''
2021-02-18 00:00:29.581  INFO 8226 --- [restartedMain] c.s.adminstore.AdminStoreApplication     : Started AdminStoreApplication in 5.491 seconds (JVM running for 6.267)
2021-02-18 00:00:30.226  INFO 8226 --- [http-nio-8080-exec-1] o.a.c.c.C.[Tomcat].[localhost].[/]       : Initializing Spring DispatcherServlet 'dispatcherServlet'
2021-02-18 00:00:30.226  INFO 8226 --- [http-nio-8080-exec-1] o.s.web.servlet.DispatcherServlet        : Initializing Servlet 'dispatcherServlet'
2021-02-18 00:00:30.233  INFO 8226 --- [http-nio-8080-exec-1] o.s.web.servlet.DispatcherServlet        : Completed initialization in 7 ms
2021-02-18 00:01:04.852  INFO 8226 --- [Thread-8] o.s.s.concurrent.ThreadPoolTaskExecutor  : Shutting down ExecutorService 'applicationTaskExecutor'
2021-02-18 00:01:04.855  INFO 8226 --- [Thread-8] j.LocalContainerEntityManagerFactoryBean : Closing JPA EntityManagerFactory for persistence unit 'default'
2021-02-18 00:01:04.859  INFO 8226 --- [Thread-8] com.zaxxer.hikari.HikariDataSource       : HikariPool-1 - Shutdown initiated...
2021-02-18 00:01:04.867  INFO 8226 --- [Thread-8] com.zaxxer.hikari.HikariDataSource       : HikariPool-1 - Shutdown completed.
2021-02-18 00:01:05.150  INFO 8226 --- [restartedMain] c.s.adminstore.AdminStoreApplication     : Starting AdminStoreApplication on gimseongjins-MacBook-Pro.local with PID 8226 (/Users/jaykim/IdeaProjects/admin-store/target/classes started by jaykim in /Users/jaykim/IdeaProjects/admin-store)
2021-02-18 00:01:05.151  INFO 8226 --- [restartedMain] c.s.adminstore.AdminStoreApplication     : No active profile set, falling back to default profiles: default
2021-02-18 00:01:05.414  INFO 8226 --- [restartedMain] .s.d.r.c.RepositoryConfigurationDelegate : Multiple Spring Data modules found, entering strict repository configuration mode!
2021-02-18 00:01:05.414  INFO 8226 --- [restartedMain] .s.d.r.c.RepositoryConfigurationDelegate : Bootstrapping Spring Data JDBC repositories in DEFAULT mode.
2021-02-18 00:01:05.423  INFO 8226 --- [restartedMain] .RepositoryConfigurationExtensionSupport : Spring Data JDBC - Could not safely identify store assignment for repository candidate interface com.study.adminstore.repository.CategoryRepository. If you want this repository to be a JDBC repository, consider annotating your entities with one of these annotations: org.springframework.data.relational.core.mapping.Table.
2021-02-18 00:01:05.424  INFO 8226 --- [restartedMain] .RepositoryConfigurationExtensionSupport : Spring Data JDBC - Could not safely identify store assignment for repository candidate interface com.study.adminstore.repository.FilesRepository. If you want this repository to be a JDBC repository, consider annotating your entities with one of these annotations: org.springframework.data.relational.core.mapping.Table.
2021-02-18 00:01:05.425  INFO 8226 --- [restartedMain] .RepositoryConfigurationExtensionSupport : Spring Data JDBC - Could not safely identify store assignment for repository candidate interface com.study.adminstore.repository.MemberRepository. If you want this repository to be a JDBC repository, consider annotating your entities with one of these annotations: org.springframework.data.relational.core.mapping.Table.
2021-02-18 00:01:05.426  INFO 8226 --- [restartedMain] .RepositoryConfigurationExtensionSupport : Spring Data JDBC - Could not safely identify store assignment for repository candidate interface com.study.adminstore.repository.StoreRepository. If you want this repository to be a JDBC repository, consider annotating your entities with one of these annotations: org.springframework.data.relational.core.mapping.Table.
2021-02-18 00:01:05.427  INFO 8226 --- [restartedMain] .RepositoryConfigurationExtensionSupport : Spring Data JDBC - Could not safely identify store assignment for repository candidate interface com.study.adminstore.repository.VisitorRepository. If you want this repository to be a JDBC repository, consider annotating your entities with one of these annotations: org.springframework.data.relational.core.mapping.Table.
2021-02-18 00:01:05.428  INFO 8226 --- [restartedMain] .s.d.r.c.RepositoryConfigurationDelegate : Finished Spring Data repository scanning in 13ms. Found 0 JDBC repository interfaces.
2021-02-18 00:01:05.431  INFO 8226 --- [restartedMain] .s.d.r.c.RepositoryConfigurationDelegate : Multiple Spring Data modules found, entering strict repository configuration mode!
2021-02-18 00:01:05.431  INFO 8226 --- [restartedMain] .s.d.r.c.RepositoryConfigurationDelegate : Bootstrapping Spring Data JPA repositories in DEFAULT mode.
2021-02-18 00:01:05.447  INFO 8226 --- [restartedMain] .s.d.r.c.RepositoryConfigurationDelegate : Finished Spring Data repository scanning in 15ms. Found 5 JPA repository interfaces.
2021-02-18 00:01:05.556  INFO 8226 --- [restartedMain] trationDelegate$BeanPostProcessorChecker : Bean 'org.springframework.transaction.annotation.ProxyTransactionManagementConfiguration' of type [org.springframework.transaction.annotation.ProxyTransactionManagementConfiguration] is not eligible for getting processed by all BeanPostProcessors (for example: not eligible for auto-proxying)
2021-02-18 00:01:05.662  INFO 8226 --- [restartedMain] o.s.b.w.embedded.tomcat.TomcatWebServer  : Tomcat initialized with port(s): 8080 (http)
2021-02-18 00:01:05.663  INFO 8226 --- [restartedMain] o.apache.catalina.core.StandardService   : Starting service [Tomcat]
2021-02-18 00:01:05.663  INFO 8226 --- [restartedMain] org.apache.catalina.core.StandardEngine  : Starting Servlet engine: [Apache Tomcat/9.0.30]
2021-02-18 00:01:05.685  INFO 8226 --- [restartedMain] o.a.c.c.C.[Tomcat].[localhost].[/]       : Initializing Spring embedded WebApplicationContext
2021-02-18 00:01:05.685  INFO 8226 --- [restartedMain] o.s.web.context.ContextLoader            : Root WebApplicationContext: initialization completed in 531 ms
2021-02-18 00:01:05.712  INFO 8226 --- [restartedMain] com.zaxxer.hikari.HikariDataSource       : HikariPool-2 - Starting...
2021-02-18 00:01:05.717  INFO 8226 --- [restartedMain] com.zaxxer.hikari.HikariDataSource       : HikariPool-2 - Start completed.
2021-02-18 00:01:05.718  INFO 8226 --- [restartedMain] o.s.b.a.h2.H2ConsoleAutoConfiguration    : H2 console available at '/h2-console'. Database available at 'jdbc:mysql://localhost:3306/study?useSSL=false&useUnicode=true&serverTimezone=Asia/Seoul&allowPublicKeyRetrieval=true'
2021-02-18 00:01:05.755  INFO 8226 --- [restartedMain] o.hibernate.jpa.internal.util.LogHelper  : HHH000204: Processing PersistenceUnitInfo [name: default]
2021-02-18 00:01:05.761  INFO 8226 --- [restartedMain] org.hibernate.dialect.Dialect            : HHH000400: Using dialect: org.hibernate.dialect.MySQL5Dialect
2021-02-18 00:01:06.037  INFO 8226 --- [restartedMain] o.h.e.t.j.p.i.JtaPlatformInitiator       : HHH000490: Using JtaPlatform implementation: [org.hibernate.engine.transaction.jta.platform.internal.NoJtaPlatform]
2021-02-18 00:01:06.037  INFO 8226 --- [restartedMain] j.LocalContainerEntityManagerFactoryBean : Initialized JPA EntityManagerFactory for persistence unit 'default'
2021-02-18 00:01:06.149  WARN 8226 --- [restartedMain] JpaBaseConfiguration$JpaWebConfiguration : spring.jpa.open-in-view is enabled by default. Therefore, database queries may be performed during view rendering. Explicitly configure spring.jpa.open-in-view to disable this warning
2021-02-18 00:01:06.253  INFO 8226 --- [restartedMain] o.s.s.web.DefaultSecurityFilterChain     : Creating filter chain: Ant [pattern='/css/**'], []
2021-02-18 00:01:06.253  INFO 8226 --- [restartedMain] o.s.s.web.DefaultSecurityFilterChain     : Creating filter chain: Ant [pattern='/js/**'], []
2021-02-18 00:01:06.253  INFO 8226 --- [restartedMain] o.s.s.web.DefaultSecurityFilterChain     : Creating filter chain: Ant [pattern='/img/**'], []
2021-02-18 00:01:06.262  INFO 8226 --- [restartedMain] o.s.s.web.DefaultSecurityFilterChain     : Creating filter chain: any request, [org.springframework.security.web.context.request.async.WebAsyncManagerIntegrationFilter@19e507f3, org.springframework.security.web.context.SecurityContextPersistenceFilter@6f28333c, org.springframework.security.web.header.HeaderWriterFilter@c56c9f2c, org.springframework.security.web.csrf.CsrfFilter@b29b692, org.springframework.security.web.authentication.logout.LogoutFilter@178329bc, org.springframework.security.web.authentication.UsernamePasswordAuthenticationFilter@b51219ca, org.springframework.security.web.session.ConcurrentSessionFilter@8f2cc40c, org.springframework.security.web.savedrequest.RequestCacheAwareFilter@ff73b2f0, org.springframework.security.web.servletapi.SecurityContextHolderAwareRequestFilter@246f8a72, org.springframework.security.web.authentication.rememberme.RememberMeAuthenticationFilter@c22d25d0, org.springframework.security.web.authentication.AnonymousAuthenticationFilter@6aab55d2, org.springframework.security.web.session.SessionManagementFilter@be0ee0be, org.springframework.security.web.access.ExceptionTranslationFilter@a104147d, org.springframework.security.web.access.intercept.FilterSecurityInterceptor@e2687c1a]
2021-02-18 00:01:06.318  INFO 8226 --- [restartedMain] o.s.s.concurrent.ThreadPoolTaskExecutor  : Initializing ExecutorService 'applicationTaskExecutor'
2021-02-18 00:01:06.341  INFO 8226 --- [restartedMain] o.s.b.a.w.s.WelcomePageHandlerMapping    : Adding welcome page template: index
2021-02-18 00:01:06.409  INFO 8226 --- [restartedMain] o.s.b.d.a.OptionalLiveReloadServer       : LiveReload server is running on port 35729
2021-02-18 00:01:06.423  INFO 8226 --- [restartedMain] o.s.b.w.embedded.tomcat.TomcatWebServer  : Tomcat started on port(s): 8080 (http) with context path ''
2021-02-18 00:01:06.424  INFO 8226 --- [restartedMain] c.s.adminstore.AdminStoreApplication     : Started AdminStoreApplication in 1.305 seconds (JVM running for 43.11)
2021-02-18 00:01:06.427  INFO 8226 --- [restartedMain] .ConditionEvaluationDeltaLoggingListener : Condition evaluation unchanged
2021-02-18 00:01:07.819  INFO 8226 --- [Thread-11] o.s.s.concurrent.ThreadPoolTaskExecutor  : Shutting down ExecutorService 'applicationTaskExecutor'
2021-02-18 00:01:07.823  INFO 8226 --- [Thread-11] j.LocalContainerEntityManagerFactoryBean : Closing JPA EntityManagerFactory for persistence unit 'default'
2021-02-18 00:01:07.824  INFO 8226 --- [Thread-11] com.zaxxer.hikari.HikariDataSource       : HikariPool-2 - Shutdown initiated...
2021-02-18 00:01:07.826  INFO 8226 --- [Thread-11] com.zaxxer.hikari.HikariDataSource       : HikariPool-2 - Shutdown completed.
2021-02-18 00:01:07.878  INFO 8226 --- [restartedMain] c.s.adminstore.AdminStoreApplication     : Starting AdminStoreApplication on gimseongjins-MacBook-Pro.local with PID 8226 (/Users/jaykim/IdeaProjects/admin-store/target/classes started by jaykim in /Users/jaykim/IdeaProjects/admin-store)
2021-02-18 00:01:07.878  INFO 8226 --- [restartedMain] c.s.adminstore.AdminStoreApplication     : No active profile set, falling back to default profiles: default
2021-02-18 00:01:08.062  INFO 8226 --- [restartedMain] .s.d.r.c.RepositoryConfigurationDelegate : Multiple Spring Data modules found, entering strict repository configuration mode!
2021-02-18 00:01:08.062  INFO 8226 --- [restartedMain] .s.d.r.c.RepositoryConfigurationDelegate : Bootstrapping Spring Data JDBC repositories in DEFAULT mode.
2021-02-18 00:01:08.063  INFO 8226 --- [restartedMain] .s.d.r.c.RepositoryConfigurationDelegate : Finished Spring Data repository scanning in 0ms. Found 0 JDBC repository interfaces.
2021-02-18 00:01:08.067  INFO 8226 --- [restartedMain] .s.d.r.c.RepositoryConfigurationDelegate : Multiple Spring Data modules found, entering strict repository configuration mode!
2021-02-18 00:01:08.067  INFO 8226 --- [restartedMain] .s.d.r.c.RepositoryConfigurationDelegate : Bootstrapping Spring Data JPA repositories in DEFAULT mode.
2021-02-18 00:01:08.068  INFO 8226 --- [restartedMain] .s.d.r.c.RepositoryConfigurationDelegate : Finished Spring Data repository scanning in 0ms. Found 0 JPA repository interfaces.
2021-02-18 00:01:08.145  INFO 8226 --- [restartedMain] trationDelegate$BeanPostProcessorChecker : Bean 'org.springframework.transaction.annotation.ProxyTransactionManagementConfiguration' of type [org.springframework.transaction.annotation.ProxyTransactionManagementConfiguration] is not eligible for getting processed by all BeanPostProcessors (for example: not eligible for auto-proxying)
2021-02-18 00:01:08.204  INFO 8226 --- [restartedMain] o.s.b.w.embedded.tomcat.TomcatWebServer  : Tomcat initialized with port(s): 8080 (http)
2021-02-18 00:01:08.205  INFO 8226 --- [restartedMain] o.apache.catalina.core.StandardService   : Starting service [Tomcat]
2021-02-18 00:01:08.206  INFO 8226 --- [restartedMain] org.apache.catalina.core.StandardEngine  : Starting Servlet engine: [Apache Tomcat/9.0.30]
2021-02-18 00:01:08.222  INFO 8226 --- [restartedMain] o.a.c.c.C.[Tomcat].[localhost].[/]       : Initializing Spring embedded WebApplicationContext
2021-02-18 00:01:08.222  INFO 8226 --- [restartedMain] o.s.web.context.ContextLoader            : Root WebApplicationContext: initialization completed in 340 ms
2021-02-18 00:01:08.239  INFO 8226 --- [restartedMain] com.zaxxer.hikari.HikariDataSource       : HikariPool-3 - Starting...
2021-02-18 00:01:08.242  INFO 8226 --- [restartedMain] com.zaxxer.hikari.HikariDataSource       : HikariPool-3 - Start completed.
2021-02-18 00:01:08.243  INFO 8226 --- [restartedMain] o.s.b.a.h2.H2ConsoleAutoConfiguration    : H2 console available at '/h2-console'. Database available at 'jdbc:mysql://localhost:3306/study?useSSL=false&useUnicode=true&serverTimezone=Asia/Seoul&allowPublicKeyRetrieval=true'
2021-02-18 00:01:08.265  INFO 8226 --- [restartedMain] o.hibernate.jpa.internal.util.LogHelper  : HHH000204: Processing PersistenceUnitInfo [name: default]
2021-02-18 00:01:08.269  INFO 8226 --- [restartedMain] org.hibernate.dialect.Dialect            : HHH000400: Using dialect: org.hibernate.dialect.MySQL5Dialect
2021-02-18 00:01:08.286  INFO 8226 --- [restartedMain] o.h.e.t.j.p.i.JtaPlatformInitiator       : HHH000490: Using JtaPlatform implementation: [org.hibernate.engine.transaction.jta.platform.internal.NoJtaPlatform]
2021-02-18 00:01:08.286  INFO 8226 --- [restartedMain] j.LocalContainerEntityManagerFactoryBean : Initialized JPA EntityManagerFactory for persistence unit 'default'
2021-02-18 00:01:08.311  WARN 8226 --- [restartedMain] JpaBaseConfiguration$JpaWebConfiguration : spring.jpa.open-in-view is enabled by default. Therefore, database queries may be performed during view rendering. Explicitly configure spring.jpa.open-in-view to disable this warning
2021-02-18 00:01:08.356  INFO 8226 --- [restartedMain] o.s.s.concurrent.ThreadPoolTaskExecutor  : Initializing ExecutorService 'applicationTaskExecutor'
2021-02-18 00:01:08.373  INFO 8226 --- [restartedMain] o.s.b.a.w.s.WelcomePageHandlerMapping    : Adding welcome page template: index
2021-02-18 00:01:08.458  INFO 8226 --- [restartedMain] .s.s.UserDetailsServiceAutoConfiguration : 

Using generated security password: 13c8b58e-6760-4884-85f2-c95a068747fe

2021-02-18 00:01:08.475  INFO 8226 --- [restartedMain] o.s.s.web.DefaultSecurityFilterChain     : Creating filter chain: any request, [org.springframework.security.web.context.request.async.WebAsyncManagerIntegrationFilter@7ba758ea, org.springframework.security.web.context.SecurityContextPersistenceFilter@1c8a0fe6, org.springframework.security.web.header.HeaderWriterFilter@2623c25d, org.springframework.security.web.csrf.CsrfFilter@218a7609, org.springframework.security.web.authentication.logout.LogoutFilter@66483f0f, org.springframework.security.web.authentication.UsernamePasswordAuthenticationFilter@942a863d, org.springframework.security.web.authentication.ui.DefaultLoginPageGeneratingFilter@950b9ea8, org.springframework.security.web.authentication.ui.DefaultLogoutPageGeneratingFilter@7d83e1db, org.springframework.security.web.authentication.www.BasicAuthenticationFilter@ab68db0c, org.springframework.security.web.savedrequest.RequestCacheAwareFilter@b1ba2031, org.springframework.security.web.servletapi.SecurityContextHolderAwareRequestFilter@30be4aa7, org.springframework.security.web.authentication.AnonymousAuthenticationFilter@da6c4d8f, org.springframework.security.web.session.SessionManagementFilter@9e0d953f, org.springframework.security.web.access.ExceptionTranslationFilter@971c1c83, org.springframework.security.web.access.intercept.FilterSecurityInterceptor@31cc070b]
2021-02-18 00:01:08.488  INFO 8226 --- [restartedMain] o.s.b.d.a.OptionalLiveReloadServer       : LiveReload server is running on port 35729
2021-02-18 00:01:08.500  INFO 8226 --- [restartedMain] o.s.b.w.embedded.tomcat.TomcatWebServer  : Tomcat started on port(s): 8080 (http) with context path ''
2021-02-18 00:01:08.501  INFO 8226 --- [restartedMain] c.s.adminstore.AdminStoreApplication     : Started AdminStoreApplication in 0.647 seconds (JVM running for 45.187)
2021-02-18 00:01:08.504  INFO 8226 --- [restartedMain] .ConditionEvaluationDeltaLoggingListener : Condition evaluation delta:


==========================
CONDITION EVALUATION DELTA
==========================


Positive matches:
-----------------

   SpringBootWebSecurityConfiguration matched:
      - @ConditionalOnClass found required class 'org.springframework.security.config.annotation.web.configuration.WebSecurityConfigurerAdapter' (OnClassCondition)
      - found 'session' scope (OnWebApplicationCondition)
      - @ConditionalOnBean (types: org.springframework.security.config.annotation.web.configuration.WebSecurityConfigurerAdapter; SearchStrategy: all) did not find any beans (OnBeanCondition)

   UserDetailsServiceAutoConfiguration matched:
      - @ConditionalOnClass found required class 'org.springframework.security.authentication.AuthenticationManager' (OnClassCondition)
      - @ConditionalOnBean (types: org.springframework.security.config.annotation.ObjectPostProcessor; SearchStrategy: all) found bean 'objectPostProcessor'; @ConditionalOnBean (types: org.springframework.security.authentication.AuthenticationManager,org.springframework.security.authentication.AuthenticationProvider,org.springframework.security.core.userdetails.UserDetailsService,org.springframework.security.oauth2.jwt.JwtDecoder,org.springframework.security.oauth2.server.resource.introspection.OpaqueTokenIntrospector; SearchStrategy: all) did not find any beans (OnBeanCondition)

   UserDetailsServiceAutoConfiguration#inMemoryUserDetailsManager matched:
      - @ConditionalOnBean (types: org.springframework.security.oauth2.client.registration.ClientRegistrationRepository; SearchStrategy: all) did not find any beans (OnBeanCondition)

   WebSecurityEnablerConfiguration matched:
      - found 'session' scope (OnWebApplicationCondition)
      - @ConditionalOnBean (types: org.springframework.security.config.annotation.web.configuration.WebSecurityConfigurerAdapter; SearchStrategy: all) found bean 'org.springframework.boot.autoconfigure.security.servlet.SpringBootWebSecurityConfiguration$DefaultConfigurerAdapter'; @ConditionalOnBean (names: springSecurityFilterChain; SearchStrategy: all) did not find any beans (OnBeanCondition)


Negative matches:
-----------------

    None


Exclusions:
-----------

    None


Unconditional classes:
----------------------

    None



2021-02-18 00:01:10.904  INFO 8226 --- [Thread-16] o.s.s.concurrent.ThreadPoolTaskExecutor  : Shutting down ExecutorService 'applicationTaskExecutor'
2021-02-18 00:01:10.916  INFO 8226 --- [Thread-16] j.LocalContainerEntityManagerFactoryBean : Closing JPA EntityManagerFactory for persistence unit 'default'
2021-02-18 00:01:10.919  INFO 8226 --- [Thread-16] com.zaxxer.hikari.HikariDataSource       : HikariPool-3 - Shutdown initiated...
2021-02-18 00:01:10.921  INFO 8226 --- [Thread-16] com.zaxxer.hikari.HikariDataSource       : HikariPool-3 - Shutdown completed.
2021-02-18 00:01:11.133  INFO 8226 --- [restartedMain] c.s.adminstore.AdminStoreApplication     : Starting AdminStoreApplication on gimseongjins-MacBook-Pro.local with PID 8226 (/Users/jaykim/IdeaProjects/admin-store/target/classes started by jaykim in /Users/jaykim/IdeaProjects/admin-store)
2021-02-18 00:01:11.134  INFO 8226 --- [restartedMain] c.s.adminstore.AdminStoreApplication     : No active profile set, falling back to default profiles: default
2021-02-18 00:01:11.312  INFO 8226 --- [restartedMain] .s.d.r.c.RepositoryConfigurationDelegate : Multiple Spring Data modules found, entering strict repository configuration mode!
2021-02-18 00:01:11.312  INFO 8226 --- [restartedMain] .s.d.r.c.RepositoryConfigurationDelegate : Bootstrapping Spring Data JDBC repositories in DEFAULT mode.
2021-02-18 00:01:11.324  INFO 8226 --- [restartedMain] .RepositoryConfigurationExtensionSupport : Spring Data JDBC - Could not safely identify store assignment for repository candidate interface com.study.adminstore.repository.CategoryRepository. If you want this repository to be a JDBC repository, consider annotating your entities with one of these annotations: org.springframework.data.relational.core.mapping.Table.
2021-02-18 00:01:11.326  INFO 8226 --- [restartedMain] .RepositoryConfigurationExtensionSupport : Spring Data JDBC - Could not safely identify store assignment for repository candidate interface com.study.adminstore.repository.FilesRepository. If you want this repository to be a JDBC repository, consider annotating your entities with one of these annotations: org.springframework.data.relational.core.mapping.Table.
2021-02-18 00:01:11.328  INFO 8226 --- [restartedMain] .RepositoryConfigurationExtensionSupport : Spring Data JDBC - Could not safely identify store assignment for repository candidate interface com.study.adminstore.repository.MemberRepository. If you want this repository to be a JDBC repository, consider annotating your entities with one of these annotations: org.springframework.data.relational.core.mapping.Table.
2021-02-18 00:01:11.329  INFO 8226 --- [restartedMain] .RepositoryConfigurationExtensionSupport : Spring Data JDBC - Could not safely identify store assignment for repository candidate interface com.study.adminstore.repository.StoreRepository. If you want this repository to be a JDBC repository, consider annotating your entities with one of these annotations: org.springframework.data.relational.core.mapping.Table.
2021-02-18 00:01:11.330  INFO 8226 --- [restartedMain] .RepositoryConfigurationExtensionSupport : Spring Data JDBC - Could not safely identify store assignment for repository candidate interface com.study.adminstore.repository.VisitorRepository. If you want this repository to be a JDBC repository, consider annotating your entities with one of these annotations: org.springframework.data.relational.core.mapping.Table.
2021-02-18 00:01:11.331  INFO 8226 --- [restartedMain] .s.d.r.c.RepositoryConfigurationDelegate : Finished Spring Data repository scanning in 18ms. Found 0 JDBC repository interfaces.
2021-02-18 00:01:11.336  INFO 8226 --- [restartedMain] .s.d.r.c.RepositoryConfigurationDelegate : Multiple Spring Data modules found, entering strict repository configuration mode!
2021-02-18 00:01:11.336  INFO 8226 --- [restartedMain] .s.d.r.c.RepositoryConfigurationDelegate : Bootstrapping Spring Data JPA repositories in DEFAULT mode.
2021-02-18 00:01:11.357  INFO 8226 --- [restartedMain] .s.d.r.c.RepositoryConfigurationDelegate : Finished Spring Data repository scanning in 20ms. Found 5 JPA repository interfaces.
2021-02-18 00:01:11.429  INFO 8226 --- [restartedMain] trationDelegate$BeanPostProcessorChecker : Bean 'org.springframework.transaction.annotation.ProxyTransactionManagementConfiguration' of type [org.springframework.transaction.annotation.ProxyTransactionManagementConfiguration] is not eligible for getting processed by all BeanPostProcessors (for example: not eligible for auto-proxying)
2021-02-18 00:01:11.467  INFO 8226 --- [restartedMain] o.s.b.w.embedded.tomcat.TomcatWebServer  : Tomcat initialized with port(s): 8080 (http)
2021-02-18 00:01:11.468  INFO 8226 --- [restartedMain] o.apache.catalina.core.StandardService   : Starting service [Tomcat]
2021-02-18 00:01:11.468  INFO 8226 --- [restartedMain] org.apache.catalina.core.StandardEngine  : Starting Servlet engine: [Apache Tomcat/9.0.30]
2021-02-18 00:01:11.481  INFO 8226 --- [restartedMain] o.a.c.c.C.[Tomcat].[localhost].[/]       : Initializing Spring embedded WebApplicationContext
2021-02-18 00:01:11.481  INFO 8226 --- [restartedMain] o.s.web.context.ContextLoader            : Root WebApplicationContext: initialization completed in 344 ms
2021-02-18 00:01:11.496  INFO 8226 --- [restartedMain] com.zaxxer.hikari.HikariDataSource       : HikariPool-4 - Starting...
2021-02-18 00:01:11.500  INFO 8226 --- [restartedMain] com.zaxxer.hikari.HikariDataSource       : HikariPool-4 - Start completed.
2021-02-18 00:01:11.500  INFO 8226 --- [restartedMain] o.s.b.a.h2.H2ConsoleAutoConfiguration    : H2 console available at '/h2-console'. Database available at 'jdbc:mysql://localhost:3306/study?useSSL=false&useUnicode=true&serverTimezone=Asia/Seoul&allowPublicKeyRetrieval=true'
2021-02-18 00:01:11.530  INFO 8226 --- [restartedMain] o.hibernate.jpa.internal.util.LogHelper  : HHH000204: Processing PersistenceUnitInfo [name: default]
2021-02-18 00:01:11.537  INFO 8226 --- [restartedMain] org.hibernate.dialect.Dialect            : HHH000400: Using dialect: org.hibernate.dialect.MySQL5Dialect
2021-02-18 00:01:11.817  INFO 8226 --- [restartedMain] o.h.e.t.j.p.i.JtaPlatformInitiator       : HHH000490: Using JtaPlatform implementation: [org.hibernate.engine.transaction.jta.platform.internal.NoJtaPlatform]
2021-02-18 00:01:11.818  INFO 8226 --- [restartedMain] j.LocalContainerEntityManagerFactoryBean : Initialized JPA EntityManagerFactory for persistence unit 'default'
2021-02-18 00:01:11.897  WARN 8226 --- [restartedMain] JpaBaseConfiguration$JpaWebConfiguration : spring.jpa.open-in-view is enabled by default. Therefore, database queries may be performed during view rendering. Explicitly configure spring.jpa.open-in-view to disable this warning
2021-02-18 00:01:12.001  INFO 8226 --- [restartedMain] o.s.s.web.DefaultSecurityFilterChain     : Creating filter chain: Ant [pattern='/css/**'], []
2021-02-18 00:01:12.001  INFO 8226 --- [restartedMain] o.s.s.web.DefaultSecurityFilterChain     : Creating filter chain: Ant [pattern='/js/**'], []
2021-02-18 00:01:12.001  INFO 8226 --- [restartedMain] o.s.s.web.DefaultSecurityFilterChain     : Creating filter chain: Ant [pattern='/img/**'], []
2021-02-18 00:01:12.012  INFO 8226 --- [restartedMain] o.s.s.web.DefaultSecurityFilterChain     : Creating filter chain: any request, [org.springframework.security.web.context.request.async.WebAsyncManagerIntegrationFilter@35997f5d, org.springframework.security.web.context.SecurityContextPersistenceFilter@57871885, org.springframework.security.web.header.HeaderWriterFilter@e70a6249, org.springframework.security.web.csrf.CsrfFilter@3ea53544, org.springframework.security.web.authentication.logout.LogoutFilter@b37e25dc, org.springframework.security.web.authentication.UsernamePasswordAuthenticationFilter@ebd76b07, org.springframework.security.web.session.ConcurrentSessionFilter@88b994b1, org.springframework.security.web.savedrequest.RequestCacheAwareFilter@1451055b, org.springframework.security.web.servletapi.SecurityContextHolderAwareRequestFilter@1fbba7b5, org.springframework.security.web.authentication.rememberme.RememberMeAuthenticationFilter@3d0bab91, org.springframework.security.web.authentication.AnonymousAuthenticationFilter@c530d8c3, org.springframework.security.web.session.SessionManagementFilter@978d7967, org.springframework.security.web.access.ExceptionTranslationFilter@989cf3c0, org.springframework.security.web.access.intercept.FilterSecurityInterceptor@def001a4]
2021-02-18 00:01:12.077  INFO 8226 --- [restartedMain] o.s.s.concurrent.ThreadPoolTaskExecutor  : Initializing ExecutorService 'applicationTaskExecutor'
2021-02-18 00:01:12.108  INFO 8226 --- [restartedMain] o.s.b.a.w.s.WelcomePageHandlerMapping    : Adding welcome page template: index
2021-02-18 00:01:12.183  INFO 8226 --- [restartedMain] o.s.b.d.a.OptionalLiveReloadServer       : LiveReload server is running on port 35729
2021-02-18 00:01:12.199  INFO 8226 --- [restartedMain] o.s.b.w.embedded.tomcat.TomcatWebServer  : Tomcat started on port(s): 8080 (http) with context path ''
2021-02-18 00:01:12.200  INFO 8226 --- [restartedMain] c.s.adminstore.AdminStoreApplication     : Started AdminStoreApplication in 1.095 seconds (JVM running for 48.886)
2021-02-18 00:01:12.203  INFO 8226 --- [restartedMain] .ConditionEvaluationDeltaLoggingListener : Condition evaluation delta:


==========================
CONDITION EVALUATION DELTA
==========================


Positive matches:
-----------------

    None


Negative matches:
-----------------

   SpringBootWebSecurityConfiguration:
      Did not match:
         - @ConditionalOnBean (types: org.springframework.security.config.annotation.web.configuration.WebSecurityConfigurerAdapter; SearchStrategy: all) found beans of type 'org.springframework.security.config.annotation.web.configuration.WebSecurityConfigurerAdapter' webSecurityConfig (OnBeanCondition)
      Matched:
         - @ConditionalOnClass found required class 'org.springframework.security.config.annotation.web.configuration.WebSecurityConfigurerAdapter' (OnClassCondition)
         - found 'session' scope (OnWebApplicationCondition)

   UserDetailsServiceAutoConfiguration:
      Did not match:
         - @ConditionalOnBean (types: org.springframework.security.authentication.AuthenticationManager,org.springframework.security.authentication.AuthenticationProvider,org.springframework.security.core.userdetails.UserDetailsService,org.springframework.security.oauth2.jwt.JwtDecoder,org.springframework.security.oauth2.server.resource.introspection.OpaqueTokenIntrospector; SearchStrategy: all) found beans of type 'org.springframework.security.core.userdetails.UserDetailsService' memberApiService (OnBeanCondition)
      Matched:
         - @ConditionalOnClass found required class 'org.springframework.security.authentication.AuthenticationManager' (OnClassCondition)

   WebSecurityEnablerConfiguration:
      Did not match:
         - @ConditionalOnBean (names: springSecurityFilterChain; SearchStrategy: all) found beans named springSecurityFilterChain (OnBeanCondition)
      Matched:
         - found 'session' scope (OnWebApplicationCondition)


Exclusions:
-----------

    None


Unconditional classes:
----------------------

    None



2021-02-18 00:02:11.297  INFO 8226 --- [http-nio-8080-exec-1] o.a.c.c.C.[Tomcat].[localhost].[/]       : Initializing Spring DispatcherServlet 'dispatcherServlet'
2021-02-18 00:02:11.297  INFO 8226 --- [http-nio-8080-exec-1] o.s.web.servlet.DispatcherServlet        : Initializing Servlet 'dispatcherServlet'
2021-02-18 00:02:11.300  INFO 8226 --- [http-nio-8080-exec-1] o.s.web.servlet.DispatcherServlet        : Completed initialization in 3 ms
